# JRE version: Java(TM) SE Runtime Environment (8.0_121-b13) (build 1.8.0_121-b13)
# Java VM: Java HotSpot(TM) 64-Bit Server VM (25.121-b13 mixed mode linux-amd64 compressed oops)
Heap:
 PSYoungGen      total 27648K, used 15469K [0x00000000f5a00000, 0x00000000f8300000, 0x0000000100000000)
  eden space 16384K, 55% used [0x00000000f5a00000,0x00000000f62ea8e0,0x00000000f6a00000)
  from space 11264K, 56% used [0x00000000f7800000,0x00000000f7e30c48,0x00000000f8300000)
  to   space 12800K, 0% used [0x00000000f6a00000,0x00000000f6a00000,0x00000000f7680000)
 ParOldGen       total 35328K, used 21581K [0x00000000e0e00000, 0x00000000e3080000, 0x00000000f5a00000)
  object space 35328K, 61% used [0x00000000e0e00000,0x00000000e2313550,0x00000000e3080000)
 Metaspace       used 18954K, capacity 20308K, committed 20480K, reserved 1067008K
  class space    used 2761K, capacity 3036K, committed 3072K, reserved 1048576K
GC Heap History (10 events):
Event: 5.045 GC heap before
{Heap before GC invocations=3 (full 0):
 PSYoungGen      total 9728K, used 9728K [0x00000000f5a00000, 0x00000000f6480000, 0x0000000100000000)
  eden space 8704K, 100% used [0x00000000f5a00000,0x00000000f6280000,0x00000000f6280000)
  from space 1024K, 100% used [0x00000000f6380000,0x00000000f6480000,0x00000000f6480000)
  to   space 1024K, 0% used [0x00000000f6280000,0x00000000f6280000,0x00000000f6380000)
 ParOldGen       total 22016K, used 1632K [0x00000000e0e00000, 0x00000000e2380000, 0x00000000f5a00000)
  object space 22016K, 7% used [0x00000000e0e00000,0x00000000e0f981d0,0x00000000e2380000)
 Metaspace       used 13709K, capacity 14512K, committed 14848K, reserved 1062912K
  class space    used 1991K, capacity 2186K, committed 2304K, reserved 1048576K
Event: 5.055 GC heap after
Heap after GC invocations=3 (full 0):
 PSYoungGen      total 9728K, used 1024K [0x00000000f5a00000, 0x00000000f6480000, 0x0000000100000000)
  eden space 8704K, 0% used [0x00000000f5a00000,0x00000000f5a00000,0x00000000f6280000)
  from space 1024K, 100% used [0x00000000f6280000,0x00000000f6380000,0x00000000f6380000)
  to   space 1024K, 0% used [0x00000000f6380000,0x00000000f6380000,0x00000000f6480000)
 ParOldGen       total 22016K, used 2705K [0x00000000e0e00000, 0x00000000e2380000, 0x00000000f5a00000)
  object space 22016K, 12% used [0x00000000e0e00000,0x00000000e10a4740,0x00000000e2380000)
 Metaspace       used 13709K, capacity 14512K, committed 14848K, reserved 1062912K
  class space    used 1991K, capacity 2186K, committed 2304K, reserved 1048576K
}
Event: 6.005 GC heap before
{Heap before GC invocations=4 (full 0):
 PSYoungGen      total 9728K, used 9728K [0x00000000f5a00000, 0x00000000f6480000, 0x0000000100000000)
  eden space 8704K, 100% used [0x00000000f5a00000,0x00000000f6280000,0x00000000f6280000)
  from space 1024K, 100% used [0x00000000f6280000,0x00000000f6380000,0x00000000f6380000)
  to   space 1024K, 0% used [0x00000000f6380000,0x00000000f6380000,0x00000000f6480000)
 ParOldGen       total 22016K, used 2705K [0x00000000e0e00000, 0x00000000e2380000, 0x00000000f5a00000)
  object space 22016K, 12% used [0x00000000e0e00000,0x00000000e10a4740,0x00000000e2380000)
 Metaspace       used 16445K, capacity 17684K, committed 17920K, reserved 1064960K
  class space    used 2501K, capacity 2766K, committed 2816K, reserved 1048576K
Event: 6.018 GC heap after
Heap after GC invocations=4 (full 0):
 PSYoungGen      total 9728K, used 1005K [0x00000000f5a00000, 0x00000000f6480000, 0x0000000100000000)
  eden space 8704K, 0% used [0x00000000f5a00000,0x00000000f5a00000,0x00000000f6280000)
  from space 1024K, 98% used [0x00000000f6380000,0x00000000f647b728,0x00000000f6480000)
  to   space 1024K, 0% used [0x00000000f6280000,0x00000000f6280000,0x00000000f6380000)
 ParOldGen       total 22016K, used 4341K [0x00000000e0e00000, 0x00000000e2380000, 0x00000000f5a00000)
  object space 22016K, 19% used [0x00000000e0e00000,0x00000000e123d6c0,0x00000000e2380000)
 Metaspace       used 16445K, capacity 17684K, committed 17920K, reserved 1064960K
  class space    used 2501K, capacity 2766K, committed 2816K, reserved 1048576K
}
Event: 6.120 GC heap before
{Heap before GC invocations=5 (full 0):
 PSYoungGen      total 9728K, used 9709K [0x00000000f5a00000, 0x00000000f6480000, 0x0000000100000000)
  eden space 8704K, 100% used [0x00000000f5a00000,0x00000000f6280000,0x00000000f6280000)
  from space 1024K, 98% used [0x00000000f6380000,0x00000000f647b728,0x00000000f6480000)
  to   space 1024K, 0% used [0x00000000f6280000,0x00000000f6280000,0x00000000f6380000)
 ParOldGen       total 22016K, used 4341K [0x00000000e0e00000, 0x00000000e2380000, 0x00000000f5a00000)
  object space 22016K, 19% used [0x00000000e0e00000,0x00000000e123d6c0,0x00000000e2380000)
 Metaspace       used 16774K, capacity 18010K, committed 18176K, reserved 1064960K
  class space    used 2542K, capacity 2813K, committed 2816K, reserved 1048576K
Event: 6.164 GC heap after
Heap after GC invocations=5 (full 0):
 PSYoungGen      total 9728K, used 1021K [0x00000000f5a00000, 0x00000000f8500000, 0x0000000100000000)
  eden space 8704K, 0% used [0x00000000f5a00000,0x00000000f5a00000,0x00000000f6280000)
  from space 1024K, 99% used [0x00000000f6280000,0x00000000f637f738,0x00000000f6380000)
  to   space 13312K, 0% used [0x00000000f7800000,0x00000000f7800000,0x00000000f8500000)
 ParOldGen       total 22016K, used 20269K [0x00000000e0e00000, 0x00000000e2380000, 0x00000000f5a00000)
  object space 22016K, 92% used [0x00000000e0e00000,0x00000000e21cb6e0,0x00000000e2380000)
 Metaspace       used 16774K, capacity 18010K, committed 18176K, reserved 1064960K
  class space    used 2542K, capacity 2813K, committed 2816K, reserved 1048576K
}
Event: 6.164 GC heap before
{Heap before GC invocations=6 (full 1):
 PSYoungGen      total 9728K, used 1021K [0x00000000f5a00000, 0x00000000f8500000, 0x0000000100000000)
  eden space 8704K, 0% used [0x00000000f5a00000,0x00000000f5a00000,0x00000000f6280000)
  from space 1024K, 99% used [0x00000000f6280000,0x00000000f637f738,0x00000000f6380000)
  to   space 13312K, 0% used [0x00000000f7800000,0x00000000f7800000,0x00000000f8500000)
 ParOldGen       total 22016K, used 20269K [0x00000000e0e00000, 0x00000000e2380000, 0x00000000f5a00000)
  object space 22016K, 92% used [0x00000000e0e00000,0x00000000e21cb6e0,0x00000000e2380000)
 Metaspace       used 16774K, capacity 18010K, committed 18176K, reserved 1064960K
  class space    used 2542K, capacity 2813K, committed 2816K, reserved 1048576K
Event: 6.221 GC heap after
Heap after GC invocations=6 (full 1):
 PSYoungGen      total 9728K, used 0K [0x00000000f5a00000, 0x00000000f8500000, 0x0000000100000000)
  eden space 8704K, 0% used [0x00000000f5a00000,0x00000000f5a00000,0x00000000f6280000)
  from space 1024K, 0% used [0x00000000f6280000,0x00000000f6280000,0x00000000f6380000)
  to   space 13312K, 0% used [0x00000000f7800000,0x00000000f7800000,0x00000000f8500000)
 ParOldGen       total 35328K, used 13381K [0x00000000e0e00000, 0x00000000e3080000, 0x00000000f5a00000)
  object space 35328K, 37% used [0x00000000e0e00000,0x00000000e1b11540,0x00000000e3080000)
 Metaspace       used 16774K, capacity 18010K, committed 18176K, reserved 1064960K
  class space    used 2542K, capacity 2813K, committed 2816K, reserved 1048576K
}
Event: 10.207 GC heap before
{Heap before GC invocations=7 (full 1):
 PSYoungGen      total 9728K, used 8704K [0x00000000f5a00000, 0x00000000f8500000, 0x0000000100000000)
  eden space 8704K, 100% used [0x00000000f5a00000,0x00000000f6280000,0x00000000f6280000)
  from space 1024K, 0% used [0x00000000f6280000,0x00000000f6280000,0x00000000f6380000)
  to   space 13312K, 0% used [0x00000000f7800000,0x00000000f7800000,0x00000000f8500000)
 ParOldGen       total 35328K, used 21573K [0x00000000e0e00000, 0x00000000e3080000, 0x00000000f5a00000)
  object space 35328K, 61% used [0x00000000e0e00000,0x00000000e2311550,0x00000000e3080000)
 Metaspace       used 17643K, capacity 18890K, committed 19072K, reserved 1064960K
  class space    used 2618K, capacity 2869K, committed 2944K, reserved 1048576K
Event: 10.219 GC heap after
Heap after GC invocations=7 (full 1):
 PSYoungGen      total 27648K, used 6339K [0x00000000f5a00000, 0x00000000f8300000, 0x0000000100000000)
  eden space 16384K, 0% used [0x00000000f5a00000,0x00000000f5a00000,0x00000000f6a00000)
  from space 11264K, 56% used [0x00000000f7800000,0x00000000f7e30c48,0x00000000f8300000)
  to   space 12800K, 0% used [0x00000000f6a00000,0x00000000f6a00000,0x00000000f7680000)
 ParOldGen       total 35328K, used 21581K [0x00000000e0e00000, 0x00000000e3080000, 0x00000000f5a00000)
  object space 35328K, 61% used [0x00000000e0e00000,0x00000000e2313550,0x00000000e3080000)
 Metaspace       used 17643K, capacity 18890K, committed 19072K, reserved 1064960K
  class space    used 2618K, capacity 2869K, committed 2944K, reserved 1048576K
}

